-- Basic conversions should just work
select '1 bytes'::bytes, '1 B'::bytes;
 bytes | bytes 
-------+-------
 1 B   | 1 B
(1 row)

select '1 KiB'::bytes, '1 KB'::bytes;
 bytes | bytes 
-------+-------
 1 KB  | 1 KB
(1 row)

select '1.2 KiB'::bytes, '1.2 KB'::bytes;
     bytes     |     bytes     
---------------+---------------
 1.19921875 KB | 1.19921875 KB
(1 row)

select '2345 MiB'::bytes, '2345 MB'::bytes;
      bytes      |      bytes      
-----------------+-----------------
 2.2900390625 GB | 2.2900390625 GB
(1 row)

select '1 GiB'::bytes, '1 GB'::bytes;
 bytes | bytes 
-------+-------
 1 GB  | 1 GB
(1 row)

select '1 TiB'::bytes, '1 TB'::bytes;
 bytes | bytes 
-------+-------
 1 TB  | 1 TB
(1 row)

select '1 EiB'::bytes, '1 EB'::bytes;
 bytes | bytes 
-------+-------
 1 EB  | 1 EB
(1 row)

-- Boundary checks and syntax checks. 
\set VERBOSITY terse
\set ON_ERROR_STOP 0
SELECT '543'::bytes;
ERROR:  invalid input syntax for size type: "543" at character 8
SELECT '1 AiB'::bytes;
ERROR:  invalid input syntax for size type: "1 AiB" at character 8
select '1234567890 TiB'::bytes;
ERROR:  bytes value out of range at character 8
select '16383 PiB'::bytes;
      bytes       
------------------
 15.9990234375 EB
(1 row)

select '16384 PiB'::bytes;
ERROR:  bytes value out of range at character 8
select '16 EiB'::bytes;
ERROR:  bytes value out of range at character 8
select '17 EiB'::bytes;
ERROR:  bytes value out of range at character 8
\set ON_ERROR_STOP 1
create table sample(
       size1n numeric,
       size1b bytes,
       size2n numeric,
       size2b bytes
);
select setseed(1.0);
 setseed 
---------
 
(1 row)

insert into sample(size1n, size1b, size2n, size2b)
select 1024.0 * 1024.0 * one,
       format('%s MiB', one)::bytes,
       1024.0 * two,
       format('%s KB', two)::bytes
from (select random() * 512 as one,
             random() * 512 * 1024 as two
        from generate_series(1,1000)) vals;
     
\x on
select round(size1b), pg_size_pretty(size1n),
       round(size2b), pg_size_pretty(size2n),
       round(size1b + size2b), pg_size_pretty(size1n + size2n),
       round(size1b - size2b), pg_size_pretty(size1n - size2n),
       round(size1b / 2), pg_size_pretty(size1n / 2),
       round(size1b * 2), pg_size_pretty(size1n * 2),
       round(2 * size1b), pg_size_pretty(2 * size1n)
  from sample
 where size1b > size2b
 limit 5;
-[ RECORD 1 ]--+-------
round          | 283 MB
pg_size_pretty | 283 MB
round          | 270 MB
pg_size_pretty | 270 MB
round          | 553 MB
pg_size_pretty | 553 MB
round          | 13 MB
pg_size_pretty | 13 MB
round          | 141 MB
pg_size_pretty | 141 MB
round          | 566 MB
pg_size_pretty | 566 MB
round          | 566 MB
pg_size_pretty | 566 MB
-[ RECORD 2 ]--+-------
round          | 385 MB
pg_size_pretty | 385 MB
round          | 339 MB
pg_size_pretty | 339 MB
round          | 724 MB
pg_size_pretty | 724 MB
round          | 46 MB
pg_size_pretty | 46 MB
round          | 193 MB
pg_size_pretty | 193 MB
round          | 770 MB
pg_size_pretty | 770 MB
round          | 770 MB
pg_size_pretty | 770 MB
-[ RECORD 3 ]--+-------
round          | 148 MB
pg_size_pretty | 148 MB
round          | 80 MB
pg_size_pretty | 80 MB
round          | 228 MB
pg_size_pretty | 228 MB
round          | 68 MB
pg_size_pretty | 68 MB
round          | 74 MB
pg_size_pretty | 74 MB
round          | 296 MB
pg_size_pretty | 296 MB
round          | 296 MB
pg_size_pretty | 296 MB
-[ RECORD 4 ]--+-------
round          | 106 MB
pg_size_pretty | 106 MB
round          | 52 MB
pg_size_pretty | 52 MB
round          | 158 MB
pg_size_pretty | 158 MB
round          | 54 MB
pg_size_pretty | 54 MB
round          | 53 MB
pg_size_pretty | 53 MB
round          | 212 MB
pg_size_pretty | 212 MB
round          | 212 MB
pg_size_pretty | 212 MB
-[ RECORD 5 ]--+-------
round          | 459 MB
pg_size_pretty | 459 MB
round          | 71 MB
pg_size_pretty | 71 MB
round          | 529 MB
pg_size_pretty | 529 MB
round          | 388 MB
pg_size_pretty | 388 MB
round          | 229 MB
pg_size_pretty | 229 MB
round          | 917 MB
pg_size_pretty | 917 MB
round          | 917 MB
pg_size_pretty | 917 MB

\x off
